Analysis & Synthesis report for lab3vhdl
Thu Aug 18 16:48:47 2016
Quartus II 64-Bit Version 13.0.0 Build 156 04/24/2013 SJ Web Edition


---------------------
; Table of Contents ;
---------------------
  1. Legal Notice
  2. Analysis & Synthesis Summary
  3. Analysis & Synthesis Settings
  4. Parallel Compilation
  5. Analysis & Synthesis Source Files Read
  6. Analysis & Synthesis Resource Usage Summary
  7. Analysis & Synthesis Resource Utilization by Entity
  8. State Machine - |lab3vhdl|fsm:inst|CS
  9. General Register Statistics
 10. Multiplexer Restructuring Statistics (Restructuring Performed)
 11. Elapsed Time Per Partition
 12. Analysis & Synthesis Messages



----------------
; Legal Notice ;
----------------
Copyright (C) 1991-2013 Altera Corporation
Your use of Altera Corporation's design tools, logic functions 
and other software and tools, and its AMPP partner logic 
functions, and any output files from any of the foregoing 
(including device programming or simulation files), and any 
associated documentation or information are expressly subject 
to the terms and conditions of the Altera Program License 
Subscription Agreement, Altera MegaCore Function License 
Agreement, or other applicable license agreement, including, 
without limitation, that your use is for the sole purpose of 
programming logic devices manufactured by Altera and sold by 
Altera or its authorized distributors.  Please refer to the 
applicable agreement for further details.



+---------------------------------------------------------------------------------+
; Analysis & Synthesis Summary                                                    ;
+------------------------------------+--------------------------------------------+
; Analysis & Synthesis Status        ; Successful - Thu Aug 18 16:48:47 2016      ;
; Quartus II 64-Bit Version          ; 13.0.0 Build 156 04/24/2013 SJ Web Edition ;
; Revision Name                      ; lab3vhdl                                   ;
; Top-level Entity Name              ; lab3vhdl                                   ;
; Family                             ; Cyclone III                                ;
; Total logic elements               ; 55                                         ;
;     Total combinational functions  ; 35                                         ;
;     Dedicated logic registers      ; 43                                         ;
; Total registers                    ; 43                                         ;
; Total pins                         ; 14                                         ;
; Total virtual pins                 ; 0                                          ;
; Total memory bits                  ; 0                                          ;
; Embedded Multiplier 9-bit elements ; 0                                          ;
; Total PLLs                         ; 0                                          ;
+------------------------------------+--------------------------------------------+


+----------------------------------------------------------------------------------------------------------------------+
; Analysis & Synthesis Settings                                                                                        ;
+----------------------------------------------------------------------------+--------------------+--------------------+
; Option                                                                     ; Setting            ; Default Value      ;
+----------------------------------------------------------------------------+--------------------+--------------------+
; Device                                                                     ; EP3C16F484C6       ;                    ;
; Top-level entity name                                                      ; lab3vhdl           ; lab3vhdl           ;
; Family name                                                                ; Cyclone III        ; Cyclone IV GX      ;
; Use smart compilation                                                      ; Off                ; Off                ;
; Enable parallel Assembler and TimeQuest Timing Analyzer during compilation ; On                 ; On                 ;
; Enable compact report table                                                ; Off                ; Off                ;
; Restructure Multiplexers                                                   ; Auto               ; Auto               ;
; Create Debugging Nodes for IP Cores                                        ; Off                ; Off                ;
; Preserve fewer node names                                                  ; On                 ; On                 ;
; Disable OpenCore Plus hardware evaluation                                  ; Off                ; Off                ;
; Verilog Version                                                            ; Verilog_2001       ; Verilog_2001       ;
; VHDL Version                                                               ; VHDL_1993          ; VHDL_1993          ;
; State Machine Processing                                                   ; Auto               ; Auto               ;
; Safe State Machine                                                         ; Off                ; Off                ;
; Extract Verilog State Machines                                             ; On                 ; On                 ;
; Extract VHDL State Machines                                                ; On                 ; On                 ;
; Ignore Verilog initial constructs                                          ; Off                ; Off                ;
; Iteration limit for constant Verilog loops                                 ; 5000               ; 5000               ;
; Iteration limit for non-constant Verilog loops                             ; 250                ; 250                ;
; Add Pass-Through Logic to Inferred RAMs                                    ; On                 ; On                 ;
; Infer RAMs from Raw Logic                                                  ; On                 ; On                 ;
; Parallel Synthesis                                                         ; On                 ; On                 ;
; DSP Block Balancing                                                        ; Auto               ; Auto               ;
; NOT Gate Push-Back                                                         ; On                 ; On                 ;
; Power-Up Don't Care                                                        ; On                 ; On                 ;
; Remove Redundant Logic Cells                                               ; Off                ; Off                ;
; Remove Duplicate Registers                                                 ; On                 ; On                 ;
; Ignore CARRY Buffers                                                       ; Off                ; Off                ;
; Ignore CASCADE Buffers                                                     ; Off                ; Off                ;
; Ignore GLOBAL Buffers                                                      ; Off                ; Off                ;
; Ignore ROW GLOBAL Buffers                                                  ; Off                ; Off                ;
; Ignore LCELL Buffers                                                       ; Off                ; Off                ;
; Ignore SOFT Buffers                                                        ; On                 ; On                 ;
; Limit AHDL Integers to 32 Bits                                             ; Off                ; Off                ;
; Optimization Technique                                                     ; Balanced           ; Balanced           ;
; Carry Chain Length                                                         ; 70                 ; 70                 ;
; Auto Carry Chains                                                          ; On                 ; On                 ;
; Auto Open-Drain Pins                                                       ; On                 ; On                 ;
; Perform WYSIWYG Primitive Resynthesis                                      ; Off                ; Off                ;
; Auto ROM Replacement                                                       ; On                 ; On                 ;
; Auto RAM Replacement                                                       ; On                 ; On                 ;
; Auto DSP Block Replacement                                                 ; On                 ; On                 ;
; Auto Shift Register Replacement                                            ; Auto               ; Auto               ;
; Allow Shift Register Merging across Hierarchies                            ; Auto               ; Auto               ;
; Auto Clock Enable Replacement                                              ; On                 ; On                 ;
; Strict RAM Replacement                                                     ; Off                ; Off                ;
; Allow Synchronous Control Signals                                          ; On                 ; On                 ;
; Force Use of Synchronous Clear Signals                                     ; Off                ; Off                ;
; Auto RAM Block Balancing                                                   ; On                 ; On                 ;
; Auto RAM to Logic Cell Conversion                                          ; Off                ; Off                ;
; Auto Resource Sharing                                                      ; Off                ; Off                ;
; Allow Any RAM Size For Recognition                                         ; Off                ; Off                ;
; Allow Any ROM Size For Recognition                                         ; Off                ; Off                ;
; Allow Any Shift Register Size For Recognition                              ; Off                ; Off                ;
; Use LogicLock Constraints during Resource Balancing                        ; On                 ; On                 ;
; Ignore translate_off and synthesis_off directives                          ; Off                ; Off                ;
; Timing-Driven Synthesis                                                    ; On                 ; On                 ;
; Report Parameter Settings                                                  ; On                 ; On                 ;
; Report Source Assignments                                                  ; On                 ; On                 ;
; Report Connectivity Checks                                                 ; On                 ; On                 ;
; Ignore Maximum Fan-Out Assignments                                         ; Off                ; Off                ;
; Synchronization Register Chain Length                                      ; 2                  ; 2                  ;
; PowerPlay Power Optimization                                               ; Normal compilation ; Normal compilation ;
; HDL message level                                                          ; Level2             ; Level2             ;
; Suppress Register Optimization Related Messages                            ; Off                ; Off                ;
; Number of Removed Registers Reported in Synthesis Report                   ; 5000               ; 5000               ;
; Number of Swept Nodes Reported in Synthesis Report                         ; 5000               ; 5000               ;
; Number of Inverted Registers Reported in Synthesis Report                  ; 100                ; 100                ;
; Clock MUX Protection                                                       ; On                 ; On                 ;
; Auto Gated Clock Conversion                                                ; Off                ; Off                ;
; Block Design Naming                                                        ; Auto               ; Auto               ;
; SDC constraint protection                                                  ; Off                ; Off                ;
; Synthesis Effort                                                           ; Auto               ; Auto               ;
; Shift Register Replacement - Allow Asynchronous Clear Signal               ; On                 ; On                 ;
; Pre-Mapping Resynthesis Optimization                                       ; Off                ; Off                ;
; Analysis & Synthesis Message Level                                         ; Medium             ; Medium             ;
; Disable Register Merging Across Hierarchies                                ; Auto               ; Auto               ;
; Resource Aware Inference For Block RAM                                     ; On                 ; On                 ;
; Synthesis Seed                                                             ; 1                  ; 1                  ;
+----------------------------------------------------------------------------+--------------------+--------------------+


Parallel compilation was disabled, but you have multiple processors available. Enable parallel compilation to reduce compilation time.
+-------------------------------------+
; Parallel Compilation                ;
+----------------------------+--------+
; Processors                 ; Number ;
+----------------------------+--------+
; Number detected on machine ; 4      ;
; Maximum allowed            ; 1      ;
+----------------------------+--------+


+------------------------------------------------------------------------------------------------------------------------------------------------------------------------------+
; Analysis & Synthesis Source Files Read                                                                                                                                       ;
+----------------------------------+-----------------+------------------------------------+--------------------------------------------------------------------------+---------+
; File Name with User-Entered Path ; Used in Netlist ; File Type                          ; File Name with Absolute Path                                             ; Library ;
+----------------------------------+-----------------+------------------------------------+--------------------------------------------------------------------------+---------+
; sevensegment_decoder.vhd         ; yes             ; User VHDL File                     ; C:/Users/The Dude/Downloads/Lab 2 vhdl_simulate/sevensegment_decoder.vhd ;         ;
; lab3vhdl.vhd                     ; yes             ; User VHDL File                     ; C:/Users/The Dude/Downloads/Lab 2 vhdl_simulate/lab3vhdl.vhd             ;         ;
; scounter.vhd                     ; yes             ; User VHDL File                     ; C:/Users/The Dude/Downloads/Lab 2 vhdl_simulate/scounter.vhd             ;         ;
; bcounter.vhd                     ; yes             ; User VHDL File                     ; C:/Users/The Dude/Downloads/Lab 2 vhdl_simulate/bcounter.vhd             ;         ;
; compare7s.vhd                    ; yes             ; User VHDL File                     ; C:/Users/The Dude/Downloads/Lab 2 vhdl_simulate/compare7s.vhd            ;         ;
; compare7n.vhd                    ; yes             ; User VHDL File                     ; C:/Users/The Dude/Downloads/Lab 2 vhdl_simulate/compare7n.vhd            ;         ;
; compare15s.vhd                   ; yes             ; User VHDL File                     ; C:/Users/The Dude/Downloads/Lab 2 vhdl_simulate/compare15s.vhd           ;         ;
; shiftreg.vhd                     ; yes             ; User VHDL File                     ; C:/Users/The Dude/Downloads/Lab 2 vhdl_simulate/shiftreg.vhd             ;         ;
; multiplex_7seg.vhd               ; yes             ; User VHDL File                     ; C:/Users/The Dude/Downloads/Lab 2 vhdl_simulate/multiplex_7seg.vhd       ;         ;
; disp_register.vhd                ; yes             ; User VHDL File                     ; C:/Users/The Dude/Downloads/Lab 2 vhdl_simulate/disp_register.vhd        ;         ;
; lab3vhdl.bdf                     ; yes             ; User Block Diagram/Schematic File  ; C:/Users/The Dude/Downloads/Lab 2 vhdl_simulate/lab3vhdl.bdf             ;         ;
+----------------------------------+-----------------+------------------------------------+--------------------------------------------------------------------------+---------+


+---------------------------------------------------------+
; Analysis & Synthesis Resource Usage Summary             ;
+---------------------------------------------+-----------+
; Resource                                    ; Usage     ;
+---------------------------------------------+-----------+
; Estimated Total logic elements              ; 55        ;
;                                             ;           ;
; Total combinational functions               ; 35        ;
; Logic element usage by number of LUT inputs ;           ;
;     -- 4 input functions                    ; 21        ;
;     -- 3 input functions                    ; 10        ;
;     -- <=2 input functions                  ; 4         ;
;                                             ;           ;
; Logic elements by mode                      ;           ;
;     -- normal mode                          ; 35        ;
;     -- arithmetic mode                      ; 0         ;
;                                             ;           ;
; Total registers                             ; 43        ;
;     -- Dedicated logic registers            ; 43        ;
;     -- I/O registers                        ; 0         ;
;                                             ;           ;
; I/O pins                                    ; 14        ;
; Embedded Multiplier 9-bit elements          ; 0         ;
; Maximum fan-out node                        ; clk~input ;
; Maximum fan-out                             ; 43        ;
; Total fan-out                               ; 249       ;
; Average fan-out                             ; 2.35      ;
+---------------------------------------------+-----------+


+-----------------------------------------------------------------------------------------------------------------------------------------------------------------------------------------------------+
; Analysis & Synthesis Resource Utilization by Entity                                                                                                                                                 ;
+----------------------------------+-------------------+--------------+-------------+--------------+---------+-----------+------+--------------+---------------------------------------+--------------+
; Compilation Hierarchy Node       ; LC Combinationals ; LC Registers ; Memory Bits ; DSP Elements ; DSP 9x9 ; DSP 18x18 ; Pins ; Virtual Pins ; Full Hierarchy Name                   ; Library Name ;
+----------------------------------+-------------------+--------------+-------------+--------------+---------+-----------+------+--------------+---------------------------------------+--------------+
; |lab3vhdl                        ; 35 (0)            ; 43 (0)       ; 0           ; 0            ; 0       ; 0         ; 14   ; 0            ; |lab3vhdl                             ;              ;
;    |bcounter:inst6|              ; 6 (6)             ; 4 (4)        ; 0           ; 0            ; 0       ; 0         ; 0    ; 0            ; |lab3vhdl|bcounter:inst6              ;              ;
;    |compare15s:inst2|            ; 2 (2)             ; 0 (0)        ; 0           ; 0            ; 0       ; 0         ; 0    ; 0            ; |lab3vhdl|compare15s:inst2            ;              ;
;    |compare7n:inst3|             ; 2 (2)             ; 0 (0)        ; 0           ; 0            ; 0       ; 0         ; 0    ; 0            ; |lab3vhdl|compare7n:inst3             ;              ;
;    |disp_register:inst8|         ; 0 (0)             ; 7 (7)        ; 0           ; 0            ; 0       ; 0         ; 0    ; 0            ; |lab3vhdl|disp_register:inst8         ;              ;
;    |fsm:inst|                    ; 8 (8)             ; 4 (4)        ; 0           ; 0            ; 0       ; 0         ; 0    ; 0            ; |lab3vhdl|fsm:inst                    ;              ;
;    |multiplex_7seg:inst10|       ; 4 (4)             ; 5 (5)        ; 0           ; 0            ; 0       ; 0         ; 0    ; 0            ; |lab3vhdl|multiplex_7seg:inst10       ;              ;
;    |scounter:inst5|              ; 6 (6)             ; 4 (4)        ; 0           ; 0            ; 0       ; 0         ; 0    ; 0            ; |lab3vhdl|scounter:inst5              ;              ;
;    |sevensegment_decoder:inst11| ; 7 (7)             ; 11 (11)      ; 0           ; 0            ; 0       ; 0         ; 0    ; 0            ; |lab3vhdl|sevensegment_decoder:inst11 ;              ;
;    |shiftreg:inst7|              ; 0 (0)             ; 8 (8)        ; 0           ; 0            ; 0       ; 0         ; 0    ; 0            ; |lab3vhdl|shiftreg:inst7              ;              ;
+----------------------------------+-------------------+--------------+-------------+--------------+---------+-----------+------+--------------+---------------------------------------+--------------+
Note: For table entries with two numbers listed, the numbers in parentheses indicate the number of resources of the given type used by the specific entity alone. The numbers listed outside of parentheses indicate the total resources of the given type used by the specific entity and all of its sub-entities in the hierarchy.


Encoding Type:  One-Hot
+---------------------------------------------------+
; State Machine - |lab3vhdl|fsm:inst|CS             ;
+----------+---------+---------+----------+---------+
; Name     ; CS.stop ; CS.data ; CS.start ; CS.idle ;
+----------+---------+---------+----------+---------+
; CS.idle  ; 0       ; 0       ; 0        ; 0       ;
; CS.start ; 0       ; 0       ; 1        ; 1       ;
; CS.data  ; 0       ; 1       ; 0        ; 1       ;
; CS.stop  ; 1       ; 0       ; 0        ; 1       ;
+----------+---------+---------+----------+---------+


+------------------------------------------------------+
; General Register Statistics                          ;
+----------------------------------------------+-------+
; Statistic                                    ; Value ;
+----------------------------------------------+-------+
; Total registers                              ; 43    ;
; Number of registers using Synchronous Clear  ; 0     ;
; Number of registers using Synchronous Load   ; 0     ;
; Number of registers using Asynchronous Clear ; 0     ;
; Number of registers using Asynchronous Load  ; 0     ;
; Number of registers using Clock Enable       ; 15    ;
; Number of registers using Preset             ; 0     ;
+----------------------------------------------+-------+


+--------------------------------------------------------------------------------------------------------------------------------------------------------+
; Multiplexer Restructuring Statistics (Restructuring Performed)                                                                                         ;
+--------------------+-----------+---------------+----------------------+------------------------+------------+------------------------------------------+
; Multiplexer Inputs ; Bus Width ; Baseline Area ; Area if Restructured ; Saving if Restructured ; Registered ; Example Multiplexer Output               ;
+--------------------+-----------+---------------+----------------------+------------------------+------------+------------------------------------------+
; 3:1                ; 4 bits    ; 8 LEs         ; 4 LEs                ; 4 LEs                  ; Yes        ; |lab3vhdl|scounter:inst5|s_count_temp[0] ;
; 3:1                ; 4 bits    ; 8 LEs         ; 4 LEs                ; 4 LEs                  ; Yes        ; |lab3vhdl|bcounter:inst6|b_count_temp[0] ;
+--------------------+-----------+---------------+----------------------+------------------------+------------+------------------------------------------+


+-------------------------------+
; Elapsed Time Per Partition    ;
+----------------+--------------+
; Partition Name ; Elapsed Time ;
+----------------+--------------+
; Top            ; 00:00:01     ;
+----------------+--------------+


+-------------------------------+
; Analysis & Synthesis Messages ;
+-------------------------------+
Info: *******************************************************************
Info: Running Quartus II 64-Bit Analysis & Synthesis
    Info: Version 13.0.0 Build 156 04/24/2013 SJ Web Edition
    Info: Processing started: Thu Aug 18 16:48:40 2016
Info: Command: quartus_map --read_settings_files=on --write_settings_files=off lab3vhdl -c lab3vhdl
Warning (20028): Parallel compilation is not licensed and has been disabled
Info (12021): Found 2 design units, including 1 entities, in source file sevensegment_decoder.vhd
    Info (12022): Found design unit 1: sevensegment_decoder-behaviour
    Info (12023): Found entity 1: sevensegment_decoder
Info (12021): Found 2 design units, including 1 entities, in source file lab3vhdl.vhd
    Info (12022): Found design unit 1: fsm-behaviour
    Info (12023): Found entity 1: fsm
Info (12021): Found 2 design units, including 1 entities, in source file scounter.vhd
    Info (12022): Found design unit 1: scounter-behaviour
    Info (12023): Found entity 1: scounter
Info (12021): Found 2 design units, including 1 entities, in source file bcounter.vhd
    Info (12022): Found design unit 1: bcounter-behaviour
    Info (12023): Found entity 1: bcounter
Info (12021): Found 2 design units, including 1 entities, in source file compare7s.vhd
    Info (12022): Found design unit 1: compare7s-behaviour
    Info (12023): Found entity 1: compare7s
Info (12021): Found 2 design units, including 1 entities, in source file compare7n.vhd
    Info (12022): Found design unit 1: compare7n-behaviour
    Info (12023): Found entity 1: compare7n
Info (12021): Found 2 design units, including 1 entities, in source file compare15s.vhd
    Info (12022): Found design unit 1: compare15s-behaviour
    Info (12023): Found entity 1: compare15s
Info (12021): Found 2 design units, including 1 entities, in source file shiftreg.vhd
    Info (12022): Found design unit 1: shiftreg-behaviour
    Info (12023): Found entity 1: shiftreg
Info (12021): Found 2 design units, including 1 entities, in source file multiplex_7seg.vhd
    Info (12022): Found design unit 1: multiplex_7seg-behaviour
    Info (12023): Found entity 1: multiplex_7seg
Info (12021): Found 2 design units, including 1 entities, in source file disp_register.vhd
    Info (12022): Found design unit 1: disp_register-Behaviour
    Info (12023): Found entity 1: disp_register
Info (12021): Found 1 design units, including 1 entities, in source file lab3vhdl.bdf
    Info (12023): Found entity 1: lab3vhdl
Info (12127): Elaborating entity "lab3vhdl" for the top level hierarchy
Info (12128): Elaborating entity "multiplex_7seg" for hierarchy "multiplex_7seg:inst10"
Info (12128): Elaborating entity "disp_register" for hierarchy "disp_register:inst8"
Info (12128): Elaborating entity "fsm" for hierarchy "fsm:inst"
Info (12128): Elaborating entity "compare7n" for hierarchy "compare7n:inst3"
Info (12128): Elaborating entity "bcounter" for hierarchy "bcounter:inst6"
Info (12128): Elaborating entity "compare7s" for hierarchy "compare7s:inst4"
Info (12128): Elaborating entity "scounter" for hierarchy "scounter:inst5"
Info (12128): Elaborating entity "compare15s" for hierarchy "compare15s:inst2"
Info (12128): Elaborating entity "shiftreg" for hierarchy "shiftreg:inst7"
Info (12128): Elaborating entity "sevensegment_decoder" for hierarchy "sevensegment_decoder:inst11"
Warning (10492): VHDL Process Statement warning at sevensegment_decoder.vhd(19): signal "clk" is read inside the Process Statement but isn't in the Process Statement's sensitivity list
Info (286030): Timing-Driven Synthesis is running
Info (16010): Generating hard_block partition "hard_block:auto_generated_inst"
    Info (16011): Adding 0 node(s), including 0 DDIO, 0 PLL, 0 transceiver and 0 LCELL
Info (21057): Implemented 69 device resources after synthesis - the final resource count might be different
    Info (21058): Implemented 2 input pins
    Info (21059): Implemented 12 output pins
    Info (21061): Implemented 55 logic cells
Info: Quartus II 64-Bit Analysis & Synthesis was successful. 0 errors, 2 warnings
    Info: Peak virtual memory: 515 megabytes
    Info: Processing ended: Thu Aug 18 16:48:47 2016
    Info: Elapsed time: 00:00:07
    Info: Total CPU time (on all processors): 00:00:05


