Flow report for lab3vhdl
Thu Oct 06 11:50:41 2016
Quartus II 64-Bit Version 13.0.0 Build 156 04/24/2013 SJ Web Edition


---------------------
; Table of Contents ;
---------------------
  1. Legal Notice
  2. Flow Summary
  3. Flow Settings
  4. Flow Non-Default Global Settings
  5. Flow Elapsed Time
  6. Flow OS Summary
  7. Flow Log
  8. Flow Messages
  9. Flow Suppressed Messages



----------------
; Legal Notice ;
----------------
Copyright (C) 1991-2013 Altera Corporation
Your use of Altera Corporation's design tools, logic functions 
and other software and tools, and its AMPP partner logic 
functions, and any output files from any of the foregoing 
(including device programming or simulation files), and any 
associated documentation or information are expressly subject 
to the terms and conditions of the Altera Program License 
Subscription Agreement, Altera MegaCore Function License 
Agreement, or other applicable license agreement, including, 
without limitation, that your use is for the sole purpose of 
programming logic devices manufactured by Altera and sold by 
Altera or its authorized distributors.  Please refer to the 
applicable agreement for further details.



+------------------------------------------------------------------------+
; Flow Summary                                                           ;
+---------------------------+--------------------------------------------+
; Flow Status               ; Successful - Thu Oct 06 11:50:41 2016      ;
; Quartus II 64-Bit Version ; 13.0.0 Build 156 04/24/2013 SJ Web Edition ;
; Revision Name             ; lab3vhdl                                   ;
; Top-level Entity Name     ; lab3vhdl                                   ;
; Family                    ; MAX7000AE                                  ;
; Device                    ; EPM7064AELC44-10                           ;
; Timing Models             ; Final                                      ;
; Total macrocells          ; 42 / 64 ( 66 % )                           ;
; Total pins                ; 19 / 36 ( 53 % )                           ;
+---------------------------+--------------------------------------------+


+-----------------------------------------+
; Flow Settings                           ;
+-------------------+---------------------+
; Option            ; Setting             ;
+-------------------+---------------------+
; Start date & time ; 10/06/2016 11:50:30 ;
; Main task         ; Compilation         ;
; Revision Name     ; lab3vhdl            ;
+-------------------+---------------------+


+---------------------------------------------------------------------------------------------------------------------+
; Flow Non-Default Global Settings                                                                                    ;
+-------------------------------------+--------------------------------+---------------+-------------+----------------+
; Assignment Name                     ; Value                          ; Default Value ; Entity Name ; Section Id     ;
+-------------------------------------+--------------------------------+---------------+-------------+----------------+
; COMPILER_SIGNATURE_ID               ; 88491856190786.147570783007760 ; --            ; --          ; --             ;
; EDA_GENERATE_FUNCTIONAL_NETLIST     ; On                             ; --            ; --          ; eda_simulation ;
; EDA_OUTPUT_DATA_FORMAT              ; Verilog Hdl                    ; --            ; --          ; eda_simulation ;
; EDA_SIMULATION_TOOL                 ; ModelSim-Altera (Verilog)      ; <None>        ; --          ; --             ;
; MAX_CORE_JUNCTION_TEMP              ; 85                             ; --            ; --          ; --             ;
; MIN_CORE_JUNCTION_TEMP              ; 0                              ; --            ; --          ; --             ;
; PARTITION_COLOR                     ; 16764057                       ; --            ; --          ; Top            ;
; PARTITION_FITTER_PRESERVATION_LEVEL ; PLACEMENT_AND_ROUTING          ; --            ; --          ; Top            ;
; PARTITION_NETLIST_TYPE              ; SOURCE                         ; --            ; --          ; Top            ;
; PROJECT_OUTPUT_DIRECTORY            ; output_files                   ; --            ; --          ; --             ;
+-------------------------------------+--------------------------------+---------------+-------------+----------------+


+-------------------------------------------------------------------------------------------------------------------------------+
; Flow Elapsed Time                                                                                                             ;
+---------------------------+--------------+-------------------------+---------------------+------------------------------------+
; Module Name               ; Elapsed Time ; Average Processors Used ; Peak Virtual Memory ; Total CPU Time (on all processors) ;
+---------------------------+--------------+-------------------------+---------------------+------------------------------------+
; Analysis & Synthesis      ; 00:00:04     ; 1.0                     ; 498 MB              ; 00:00:02                           ;
; Fitter                    ; 00:00:01     ; 1.0                     ; 576 MB              ; 00:00:01                           ;
; Assembler                 ; 00:00:00     ; 1.0                     ; 401 MB              ; 00:00:00                           ;
; TimeQuest Timing Analyzer ; 00:00:02     ; 1.0                     ; 394 MB              ; 00:00:01                           ;
; EDA Netlist Writer        ; 00:00:00     ; 1.0                     ; 356 MB              ; 00:00:00                           ;
; Total                     ; 00:00:07     ; --                      ; --                  ; 00:00:04                           ;
+---------------------------+--------------+-------------------------+---------------------+------------------------------------+


+----------------------------------------------------------------------------------------+
; Flow OS Summary                                                                        ;
+---------------------------+------------------+-----------+------------+----------------+
; Module Name               ; Machine Hostname ; OS Name   ; OS Version ; Processor type ;
+---------------------------+------------------+-----------+------------+----------------+
; Analysis & Synthesis      ; ooksei           ; Windows 7 ; 6.2        ; x86_64         ;
; Fitter                    ; ooksei           ; Windows 7 ; 6.2        ; x86_64         ;
; Assembler                 ; ooksei           ; Windows 7 ; 6.2        ; x86_64         ;
; TimeQuest Timing Analyzer ; ooksei           ; Windows 7 ; 6.2        ; x86_64         ;
; EDA Netlist Writer        ; ooksei           ; Windows 7 ; 6.2        ; x86_64         ;
+---------------------------+------------------+-----------+------------+----------------+


------------
; Flow Log ;
------------
quartus_map --read_settings_files=on --write_settings_files=off lab3vhdl -c lab3vhdl
quartus_fit --read_settings_files=off --write_settings_files=off lab3vhdl -c lab3vhdl
quartus_asm --read_settings_files=off --write_settings_files=off lab3vhdl -c lab3vhdl
quartus_sta lab3vhdl -c lab3vhdl
quartus_eda --read_settings_files=off --write_settings_files=off lab3vhdl -c lab3vhdl



