Added Component: Designator=C1(CAP-RAD-3mm Pitch)
Added Component: Designator=C2(CAP-RAD-3mm Pitch)
Added Component: Designator=C3(ECE-CAPR0.2x0.1TH)
Added Component: Designator=C4(ECE-CAPR0.2x0.1TH)
Added Component: Designator=C5(ECE-CAPR0.2x0.1TH)
Added Component: Designator=C6(ECE-CAPR0.2x0.1TH)
Added Component: Designator=C7(ECE-CAPR0.2x0.1TH)
Added Component: Designator=C8(ECE-CAPR0.2x0.1TH)
Added Component: Designator=D1(AXIAL-DIODE-0.4)
Added Component: Designator=D2(AXIAL-DIODE-0.4)
Added Component: Designator=D3(AXIAL-DIODE-0.4)
Added Component: Designator=D4(AXIAL-DIODE-0.4)
Added Component: Designator=D5(AXIAL-DIODE-0.4)
Added Component: Designator=J1(AC-Socket)
Added Component: Designator=P1(Dual Banana Plug)
Added Component: Designator=P2(MICRF113 TX)
Added Component: Designator=P3(ECE-600102STTH)
Added Component: Designator=R1(AXIAL-0.4)
Added Component: Designator=R2(AXIAL-0.4)
Added Component: Designator=R3(AXIAL-0.4)
Added Component: Designator=R4(AXIAL-0.4)
Added Component: Designator=R5(AXIAL-0.4)
Added Component: Designator=R6(AXIAL-0.4)
Added Component: Designator=R7(AXIAL-0.4)
Added Component: Designator=R8(AXIAL-0.4)
Added Component: Designator=R9(AXIAL-0.4)
Added Component: Designator=R10(AXIAL-0.4)
Added Component: Designator=R11(AXIAL-0.4)
Added Component: Designator=R12(AXIAL-0.4)
Added Component: Designator=R13(AXIAL-0.4)
Added Component: Designator=R14(AXIAL-0.4)
Added Component: Designator=R15(AXIAL-0.4)
Added Component: Designator=R16(AXIAL-0.4)
Added Component: Designator=R17(AXIAL-0.4)
Added Component: Designator=R18(AXIAL-0.4)
Added Component: Designator=R19(AXIAL-0.4)
Added Component: Designator=R20(AXIAL-0.4)
Added Component: Designator=R21(AXIAL-0.4)
Added Component: Designator=R22(AXIAL-0.4)
Added Component: Designator=R23(AXIAL-0.4)
Added Component: Designator=R24(AXIAL-0.4)
Added Component: Designator=U1(TO-92)
Added Component: Designator=U2(DIP-14)
Added Component: Designator=U3(DIP-14)
Added Pin To Net: NetName=1V65 Pin=R16-1
Added Pin To Net: NetName=1V65 Pin=R24-1
Added Pin To Net: NetName=1V65 Pin=U2-1
Added Pin To Net: NetName=1V65 Pin=U2-2
Added Pin To Net: NetName=1V65 Pin=U2-10
Added Pin To Net: NetName=1V65 Pin=U3-3
Added Net: Name=1V65
Added Pin To Net: NetName=3V3 Pin=C2-1
Added Pin To Net: NetName=3V3 Pin=C8-1
Added Pin To Net: NetName=3V3 Pin=P2-1
Added Pin To Net: NetName=3V3 Pin=R3-2
Added Pin To Net: NetName=3V3 Pin=U1-3
Added Pin To Net: NetName=3V3 Pin=U2-4
Added Pin To Net: NetName=3V3 Pin=U3-4
Added Net: Name=3V3
Added Pin To Net: NetName=GND Pin=C1-2
Added Pin To Net: NetName=GND Pin=C2-2
Added Pin To Net: NetName=GND Pin=C4-2
Added Pin To Net: NetName=GND Pin=C6-2
Added Pin To Net: NetName=GND Pin=C7-2
Added Pin To Net: NetName=GND Pin=C8-2
Added Pin To Net: NetName=GND Pin=D3-1
Added Pin To Net: NetName=GND Pin=D5-1
Added Pin To Net: NetName=GND Pin=J1-2
Added Pin To Net: NetName=GND Pin=J1-3
Added Pin To Net: NetName=GND Pin=P2-2
Added Pin To Net: NetName=GND Pin=R4-1
Added Pin To Net: NetName=GND Pin=R5-1
Added Pin To Net: NetName=GND Pin=R6-1
Added Pin To Net: NetName=GND Pin=R8-1
Added Pin To Net: NetName=GND Pin=R11-1
Added Pin To Net: NetName=GND Pin=R17-1
Added Pin To Net: NetName=GND Pin=R22-1
Added Pin To Net: NetName=GND Pin=U1-2
Added Pin To Net: NetName=GND Pin=U2-11
Added Pin To Net: NetName=GND Pin=U2-12
Added Pin To Net: NetName=GND Pin=U3-10
Added Pin To Net: NetName=GND Pin=U3-11
Added Pin To Net: NetName=GND Pin=U3-12
Added Net: Name=GND
Added Pin To Net: NetName=IADC Pin=C5-1
Added Pin To Net: NetName=IADC Pin=R19-1
Added Pin To Net: NetName=IADC Pin=U3-1
Added Net: Name=IADC
Added Pin To Net: NetName=ISENS Pin=D4-1
Added Pin To Net: NetName=ISENS Pin=P1-2
Added Pin To Net: NetName=ISENS Pin=R5-2
Added Pin To Net: NetName=ISENS Pin=R8-2
Added Pin To Net: NetName=ISENS Pin=R10-1
Added Pin To Net: NetName=ISENS Pin=R11-2
Added Pin To Net: NetName=ISENS Pin=R17-2
Added Pin To Net: NetName=ISENS Pin=R23-1
Added Net: Name=ISENS
Added Pin To Net: NetName=NetC1_1 Pin=C1-1
Added Pin To Net: NetName=NetC1_1 Pin=C7-1
Added Pin To Net: NetName=NetC1_1 Pin=R2-2
Added Pin To Net: NetName=NetC1_1 Pin=U1-1
Added Net: Name=NetC1_1
Added Pin To Net: NetName=NetC3_2 Pin=C3-2
Added Pin To Net: NetName=NetC3_2 Pin=R13-1
Added Pin To Net: NetName=NetC3_2 Pin=U2-9
Added Net: Name=NetC3_2
Added Pin To Net: NetName=NetC4_1 Pin=C4-1
Added Pin To Net: NetName=NetC4_1 Pin=R9-1
Added Pin To Net: NetName=NetC4_1 Pin=R12-2
Added Pin To Net: NetName=NetC4_1 Pin=R13-2
Added Net: Name=NetC4_1
Added Pin To Net: NetName=NetC5_2 Pin=C5-2
Added Pin To Net: NetName=NetC5_2 Pin=R21-1
Added Pin To Net: NetName=NetC5_2 Pin=U3-2
Added Net: Name=NetC5_2
Added Pin To Net: NetName=NetC6_1 Pin=C6-1
Added Pin To Net: NetName=NetC6_1 Pin=R19-2
Added Pin To Net: NetName=NetC6_1 Pin=R20-1
Added Pin To Net: NetName=NetC6_1 Pin=R21-2
Added Net: Name=NetC6_1
Added Pin To Net: NetName=NetD1_2 Pin=D1-2
Added Pin To Net: NetName=NetD1_2 Pin=R2-1
Added Net: Name=NetD1_2
Added Pin To Net: NetName=NetD2_2 Pin=D2-2
Added Pin To Net: NetName=NetD2_2 Pin=D3-2
Added Net: Name=NetD2_2
Added Pin To Net: NetName=NetD4_2 Pin=D4-2
Added Pin To Net: NetName=NetD4_2 Pin=D5-2
Added Net: Name=NetD4_2
Added Pin To Net: NetName=NetP2_3 Pin=P2-3
Added Pin To Net: NetName=NetP2_3 Pin=P3-2
Added Net: Name=NetP2_3
Added Pin To Net: NetName=NetP2_4 Pin=P2-4
Added Pin To Net: NetName=NetP2_4 Pin=P3-1
Added Net: Name=NetP2_4
Added Pin To Net: NetName=NetR3_1 Pin=R3-1
Added Pin To Net: NetName=NetR3_1 Pin=R6-2
Added Pin To Net: NetName=NetR3_1 Pin=U2-3
Added Net: Name=NetR3_1
Added Pin To Net: NetName=NetR7_1 Pin=R7-1
Added Pin To Net: NetName=NetR7_1 Pin=R10-2
Added Pin To Net: NetName=NetR7_1 Pin=U2-6
Added Net: Name=NetR7_1
Added Pin To Net: NetName=NetR7_2 Pin=R7-2
Added Pin To Net: NetName=NetR7_2 Pin=R12-1
Added Pin To Net: NetName=NetR7_2 Pin=U2-7
Added Net: Name=NetR7_2
Added Pin To Net: NetName=NetR14_2 Pin=R14-2
Added Pin To Net: NetName=NetR14_2 Pin=R15-1
Added Net: Name=NetR14_2
Added Pin To Net: NetName=NetR15_2 Pin=R15-2
Added Pin To Net: NetName=NetR15_2 Pin=R16-2
Added Pin To Net: NetName=NetR15_2 Pin=U2-5
Added Net: Name=NetR15_2
Added Pin To Net: NetName=NetR18_1 Pin=R18-1
Added Pin To Net: NetName=NetR18_1 Pin=R20-2
Added Pin To Net: NetName=NetR18_1 Pin=U3-7
Added Net: Name=NetR18_1
Added Pin To Net: NetName=NetR18_2 Pin=R18-2
Added Pin To Net: NetName=NetR18_2 Pin=R22-2
Added Pin To Net: NetName=NetR18_2 Pin=U3-6
Added Net: Name=NetR18_2
Added Pin To Net: NetName=NetR23_2 Pin=R23-2
Added Pin To Net: NetName=NetR23_2 Pin=R24-2
Added Pin To Net: NetName=NetR23_2 Pin=U3-5
Added Net: Name=NetR23_2
Added Pin To Net: NetName=NetU2_13 Pin=U2-13
Added Pin To Net: NetName=NetU2_13 Pin=U2-14
Added Net: Name=NetU2_13
Added Pin To Net: NetName=NetU3_8 Pin=U3-8
Added Pin To Net: NetName=NetU3_8 Pin=U3-9
Added Net: Name=NetU3_8
Added Pin To Net: NetName=NetU3_13 Pin=U3-13
Added Pin To Net: NetName=NetU3_13 Pin=U3-14
Added Net: Name=NetU3_13
Added Pin To Net: NetName=VADC Pin=C3-1
Added Pin To Net: NetName=VADC Pin=R9-2
Added Pin To Net: NetName=VADC Pin=U2-8
Added Net: Name=VADC
Added Pin To Net: NetName=VIN Pin=D1-1
Added Pin To Net: NetName=VIN Pin=J1-1
Added Pin To Net: NetName=VIN Pin=P1-1
Added Pin To Net: NetName=VIN Pin=R1-2
Added Net: Name=VIN
Added Pin To Net: NetName=VSENS Pin=D2-1
Added Pin To Net: NetName=VSENS Pin=R1-1
Added Pin To Net: NetName=VSENS Pin=R4-2
Added Pin To Net: NetName=VSENS Pin=R14-1
Added Net: Name=VSENS
Added Class: Name=Sheet1
Added Room: Name=Sheet1
