Removed Pin From Net: NetName=GND Pin=U2-12
Removed Pin From Net: NetName=GND Pin=U3-3
Removed Pin From Net: NetName=IADC Pin=U3-8
Removed Pin From Net: NetName=NetC5_2 Pin=U3-9
Removed Pin From Net: NetName=1V65 Pin=U3-10
Added Component: Designator=C11(FILM CAP-0.2)
Added Component: Designator=R27(AXIAL-0.4)
Added Pin To Net: NetName=VADC Pin=C11-2
Added Pin To Net: NetName=1V65 Pin=R27-2
Added Pin To Net: NetName=1V65 Pin=U2-12
Added Pin To Net: NetName=IADC Pin=U3-1
Added Pin To Net: NetName=NetC5_2 Pin=U3-2
Added Pin To Net: NetName=1V65 Pin=U3-3
Added Pin To Net: NetName=GND Pin=U3-10
Added Pin To Net: NetName=NetC11_1 Pin=C11-1
Added Pin To Net: NetName=NetC11_1 Pin=R27-1
Added Pin To Net: NetName=NetC11_1 Pin=U2-13
Added Net: Name=NetC11_1
Added Pin To Net: NetName=NetU3_8 Pin=U3-8
Added Pin To Net: NetName=NetU3_8 Pin=U3-9
Added Net: Name=NetU3_8
Added Pin To Net: NetName=VTRIGGER Pin=U2-14
Added Pin To Net: NetName=VTRIGGER Pin=U4-21
Added Net: Name=VTRIGGER
Added Member To Class: ClassName=Sheet1 Member=Component C11 6.8u
Added Member To Class: ClassName=Sheet1 Member=Component R27 100k
Added Room: Name=Sheet1
