Removed Pin From Net: NetName=NetU2_1 Pin=U2-1
Removed Pin From Net: NetName=NetU2_1 Pin=U2-2
Removed Pin From Net: NetName=GND Pin=U2-3
Removed Pin From Net: NetName=NetC10_1 Pin=U2-12
Removed Pin From Net: NetName=1V65 Pin=U2-13
Removed Pin From Net: NetName=1V65 Pin=U2-14
Removed Pin From Net: NetName=NetR18_1 Pin=U3-1
Removed Pin From Net: NetName=NetR18_2 Pin=U3-2
Removed Pin From Net: NetName=NetR23_2 Pin=U3-3
Removed Pin From Net: NetName=GND Pin=U3-5
Removed Pin From Net: NetName=NetU3_6 Pin=U3-6
Removed Pin From Net: NetName=NetU3_6 Pin=U3-7
Removed Pin From Net: NetName=NetU3_8 Pin=U3-8
Removed Pin From Net: NetName=NetU3_8 Pin=U3-9
Removed Pin From Net: NetName=GND Pin=U3-10
Removed Pin From Net: NetName=1V65 Pin=U3-12
Removed Pin From Net: NetName=NetC5_2 Pin=U3-13
Removed Pin From Net: NetName=IADC Pin=U3-14
Added Pin To Net: NetName=1V65 Pin=U2-1
Added Pin To Net: NetName=1V65 Pin=U2-2
Added Pin To Net: NetName=NetC10_1 Pin=U2-3
Added Pin To Net: NetName=GND Pin=U2-12
Added Pin To Net: NetName=NetU3_8 Pin=U2-13
Added Pin To Net: NetName=NetU3_8 Pin=U2-14
Added Pin To Net: NetName=NetU3_6 Pin=U3-1
Added Pin To Net: NetName=NetU3_6 Pin=U3-2
Added Pin To Net: NetName=GND Pin=U3-3
Added Pin To Net: NetName=NetR23_2 Pin=U3-5
Added Pin To Net: NetName=NetR18_2 Pin=U3-6
Added Pin To Net: NetName=NetR18_1 Pin=U3-7
Added Pin To Net: NetName=IADC Pin=U3-8
Added Pin To Net: NetName=NetC5_2 Pin=U3-9
Added Pin To Net: NetName=1V65 Pin=U3-10
Added Pin To Net: NetName=GND Pin=U3-12
Added Pin To Net: NetName=NetU2_1 Pin=U3-13
Added Pin To Net: NetName=NetU2_1 Pin=U3-14
Change Net Name : Old Net Name=NetU2_1 New Net Name=NetU3_13
Change Net Name : Old Net Name=NetU3_6 New Net Name=NetU3_1
Change Net Name : Old Net Name=NetU3_8 New Net Name=NetU2_13
Added Room: Name=Sheet1
